Apr 26 18:02:39 Updated: libgcc-4.8.5-36.el7_6.1.x86_64
Apr 26 18:02:40 Updated: 1:grub2-common-2.02-0.76.el7.centos.1.noarch
Apr 26 18:02:42 Updated: 1:grub2-pc-modules-2.02-0.76.el7.centos.1.noarch
Apr 26 18:02:42 Updated: 32:bind-license-9.9.4-73.el7_6.noarch
Apr 26 18:02:48 Updated: tzdata-2019a-1.el7.noarch
Apr 26 18:03:09 Updated: glibc-common-2.17-260.el7_6.4.x86_64
Apr 26 18:03:11 Updated: glibc-2.17-260.el7_6.4.x86_64
Apr 26 18:03:12 Updated: systemd-libs-219-62.el7_6.5.x86_64
Apr 26 18:03:12 Updated: nss-util-3.36.0-1.1.el7_6.x86_64
Apr 26 18:03:12 Updated: libuuid-2.23.2-59.el7_6.1.x86_64
Apr 26 18:03:12 Updated: libblkid-2.23.2-59.el7_6.1.x86_64
Apr 26 18:03:13 Updated: krb5-libs-1.15.1-37.el7_6.x86_64
Apr 26 18:03:14 Updated: 1:openssl-libs-1.0.2k-16.el7_6.1.x86_64
Apr 26 18:03:16 Updated: 2:shadow-utils-4.1.5.1-25.el7_6.1.x86_64
Apr 26 18:03:29 Updated: python-libs-2.7.5-77.el7_6.x86_64
Apr 26 18:03:30 Updated: python-2.7.5-77.el7_6.x86_64
Apr 26 18:03:30 Updated: libmount-2.23.2-59.el7_6.1.x86_64
Apr 26 18:03:31 Updated: python-perf-3.10.0-957.10.1.el7.x86_64
Apr 26 18:03:31 Updated: nss-sysinit-3.36.0-7.1.el7_6.x86_64
Apr 26 18:03:32 Updated: nss-3.36.0-7.1.el7_6.x86_64
Apr 26 18:03:32 Updated: nss-pem-1.0.3-5.el7_6.1.x86_64
Apr 26 18:03:33 Updated: 1:NetworkManager-libnm-1.12.0-10.el7_6.x86_64
Apr 26 18:03:34 Updated: nss-tools-3.36.0-7.1.el7_6.x86_64
Apr 26 18:03:34 Updated: 1:dbus-libs-1.10.24-13.el7_6.x86_64
Apr 26 18:03:40 Updated: systemd-219-62.el7_6.5.x86_64
Apr 26 18:03:40 Updated: 1:dbus-1.10.24-13.el7_6.x86_64
Apr 26 18:03:41 Updated: polkit-0.112-18.el7_6.1.x86_64
Apr 26 18:03:42 Updated: 1:NetworkManager-1.12.0-10.el7_6.x86_64
Apr 26 18:03:42 Updated: cronie-anacron-1.4.11-20.el7_6.x86_64
Apr 26 18:03:42 Updated: cronie-1.4.11-20.el7_6.x86_64
Apr 26 18:03:43 Updated: ipset-libs-6.38-3.el7_6.x86_64
Apr 26 18:03:43 Updated: libsmartcols-2.23.2-59.el7_6.1.x86_64
Apr 26 18:03:45 Updated: util-linux-2.23.2-59.el7_6.1.x86_64
Apr 26 18:03:46 Updated: policycoreutils-2.5-29.el7_6.1.x86_64
Apr 26 18:03:47 Updated: 7:device-mapper-libs-1.02.149-10.el7_6.3.x86_64
Apr 26 18:03:47 Updated: 7:device-mapper-1.02.149-10.el7_6.3.x86_64
Apr 26 18:03:47 Updated: 7:device-mapper-event-libs-1.02.149-10.el7_6.3.x86_64
Apr 26 18:03:47 Updated: 1:grub2-tools-minimal-2.02-0.76.el7.centos.1.x86_64
Apr 26 18:03:49 Updated: 1:grub2-tools-2.02-0.76.el7.centos.1.x86_64
Apr 26 18:03:49 Updated: 7:device-mapper-event-1.02.149-10.el7_6.3.x86_64
Apr 26 18:03:50 Updated: 7:lvm2-libs-2.02.180-10.el7_6.3.x86_64
Apr 26 18:04:20 Updated: selinux-policy-3.13.1-229.el7_6.9.noarch
Apr 26 18:04:21 Updated: freetype-2.8-12.el7_6.1.x86_64
Apr 26 18:04:22 Updated: 1:grub2-tools-extra-2.02-0.76.el7.centos.1.x86_64
Apr 26 18:04:22 Updated: 1:grub2-pc-2.02-0.76.el7.centos.1.x86_64
Apr 26 18:04:23 Updated: kernel-tools-libs-3.10.0-957.10.1.el7.x86_64
Apr 26 18:04:24 Updated: kernel-tools-3.10.0-957.10.1.el7.x86_64
Apr 26 18:04:24 Updated: 1:grub2-2.02-0.76.el7.centos.1.x86_64
Apr 26 18:05:04 Updated: selinux-policy-targeted-3.13.1-229.el7_6.9.noarch
Apr 26 18:05:06 Updated: 7:lvm2-2.02.180-10.el7_6.3.x86_64
Apr 26 18:05:07 Updated: tuned-2.10.0-6.el7_6.3.noarch
Apr 26 18:05:07 Updated: ipset-6.38-3.el7_6.x86_64
Apr 26 18:05:08 Updated: 1:NetworkManager-tui-1.12.0-10.el7_6.x86_64
Apr 26 18:05:08 Updated: 1:NetworkManager-team-1.12.0-10.el7_6.x86_64
Apr 26 18:05:08 Updated: 1:NetworkManager-wifi-1.12.0-10.el7_6.x86_64
Apr 26 18:05:08 Updated: systemd-sysv-219-62.el7_6.5.x86_64
Apr 26 18:05:09 Updated: openldap-2.4.44-21.el7_6.x86_64
Apr 26 18:05:09 Updated: 1:openssl-1.0.2k-16.el7_6.1.x86_64
Apr 26 18:05:10 Updated: libssh2-1.4.3-12.el7_6.2.x86_64
Apr 26 18:05:10 Updated: 32:bind-libs-lite-9.9.4-73.el7_6.x86_64
Apr 26 18:05:11 Updated: xfsprogs-4.5.0-19.el7_6.x86_64
Apr 26 18:05:11 Updated: libgomp-4.8.5-36.el7_6.1.x86_64
Apr 26 18:05:12 Updated: libstdc++-4.8.5-36.el7_6.1.x86_64
Apr 26 18:05:36 Installed: kernel-3.10.0-957.10.1.el7.x86_64
Apr 26 18:18:33 Installed: mpfr-3.1.1-4.el7.x86_64
Apr 26 18:18:33 Installed: libmpc-1.0.1-3.el7.x86_64
Apr 26 18:18:34 Installed: m4-1.4.16-10.el7.x86_64
Apr 26 18:18:36 Installed: cpp-4.8.5-36.el7_6.1.x86_64
Apr 26 18:18:36 Installed: 1:perl-parent-0.225-244.el7.noarch
Apr 26 18:18:36 Installed: perl-HTTP-Tiny-0.033-3.el7.noarch
Apr 26 18:18:37 Installed: perl-podlators-2.5.1-3.el7.noarch
Apr 26 18:18:37 Installed: perl-Pod-Perldoc-3.20-4.el7.noarch
Apr 26 18:18:37 Installed: 1:perl-Pod-Escapes-1.04-294.el7_6.noarch
Apr 26 18:18:38 Installed: perl-Encode-2.51-7.el7.x86_64
Apr 26 18:18:38 Installed: perl-Text-ParseWords-3.29-4.el7.noarch
Apr 26 18:18:38 Installed: perl-Pod-Usage-1.63-3.el7.noarch
Apr 26 18:18:39 Installed: 4:perl-libs-5.16.3-294.el7_6.x86_64
Apr 26 18:18:39 Installed: 4:perl-macros-5.16.3-294.el7_6.x86_64
Apr 26 18:18:39 Installed: perl-threads-1.87-4.el7.x86_64
Apr 26 18:18:39 Installed: 4:perl-Time-HiRes-1.9725-3.el7.x86_64
Apr 26 18:18:40 Installed: perl-Exporter-5.68-3.el7.noarch
Apr 26 18:18:40 Installed: perl-constant-1.27-2.el7.noarch
Apr 26 18:18:40 Installed: perl-Time-Local-1.2300-2.el7.noarch
Apr 26 18:18:41 Installed: perl-Carp-1.26-244.el7.noarch
Apr 26 18:18:41 Installed: perl-Storable-2.45-3.el7.x86_64
Apr 26 18:18:41 Installed: perl-threads-shared-1.43-6.el7.x86_64
Apr 26 18:18:41 Installed: perl-PathTools-3.40-5.el7.x86_64
Apr 26 18:18:41 Installed: perl-Scalar-List-Utils-1.27-248.el7.x86_64
Apr 26 18:18:42 Installed: perl-File-Temp-0.23.01-3.el7.noarch
Apr 26 18:18:42 Installed: perl-File-Path-2.09-2.el7.noarch
Apr 26 18:18:42 Installed: perl-Filter-1.49-3.el7.x86_64
Apr 26 18:18:42 Installed: perl-Socket-2.010-4.el7.x86_64
Apr 26 18:18:43 Installed: 1:perl-Pod-Simple-3.28-4.el7.noarch
Apr 26 18:18:43 Installed: perl-Getopt-Long-2.40-3.el7.noarch
Apr 26 18:18:51 Installed: 4:perl-5.16.3-294.el7_6.x86_64
Apr 26 18:18:51 Installed: 1:perl-Error-0.17020-2.el7.noarch
Apr 26 18:18:51 Installed: perl-TermReadKey-2.30-20.el7.x86_64
Apr 26 18:18:52 Installed: rsync-3.1.2-4.el7.x86_64
Apr 26 18:18:52 Installed: perl-Git-1.8.3.1-20.el7.noarch
Apr 26 18:18:57 Installed: git-1.8.3.1-20.el7.x86_64
Apr 26 18:19:01 Installed: kernel-headers-3.10.0-957.10.1.el7.x86_64
Apr 26 18:19:02 Installed: glibc-headers-2.17-260.el7_6.4.x86_64
Apr 26 18:19:03 Installed: glibc-devel-2.17-260.el7_6.4.x86_64
Apr 26 18:19:03 Installed: zlib-devel-1.2.7-18.el7.x86_64
Apr 26 18:19:03 Installed: elfutils-libelf-devel-0.172-2.el7.x86_64
Apr 26 18:19:08 Installed: gcc-4.8.5-36.el7_6.1.x86_64
Apr 26 18:19:08 Installed: flex-2.5.37-6.el7.x86_64
Apr 26 18:19:08 Installed: bison-3.0.4-2.el7.x86_64
Apr 26 18:19:09 Installed: nano-2.3.1-10.el7.x86_64
Apr 26 18:19:10 Installed: bc-1.06.95-13.el7.x86_64
Apr 26 18:28:13 Installed: wget-1.14-18.el7.x86_64
Apr 26 19:54:57 Installed: libcom_err-devel-1.42.9-13.el7.x86_64
Apr 26 19:54:58 Installed: libsepol-devel-2.5-10.el7.x86_64
Apr 26 19:54:59 Installed: pcre-devel-8.32-17.el7.x86_64
Apr 26 19:55:00 Installed: libselinux-devel-2.5-14.1.el7.x86_64
Apr 26 19:55:01 Installed: libkadm5-1.15.1-37.el7_6.x86_64
Apr 26 19:55:01 Installed: libverto-devel-0.2.5-4.el7.x86_64
Apr 26 19:55:01 Installed: keyutils-libs-devel-1.5.8-3.el7.x86_64
Apr 26 19:55:02 Installed: krb5-devel-1.15.1-37.el7_6.x86_64
Apr 26 19:55:07 Installed: 1:openssl-devel-1.0.2k-16.el7_6.1.x86_64
Apr 26 20:07:21 Installed: apr-1.4.8-3.el7_4.1.x86_64
Apr 26 20:07:21 Installed: libquadmath-4.8.5-36.el7_6.1.x86_64
Apr 26 20:07:22 Installed: apr-util-1.5.2-6.el7.x86_64
Apr 26 20:07:22 Installed: unzip-6.0-19.el7.x86_64
Apr 26 20:07:22 Installed: zip-3.0-11.el7.x86_64
Apr 26 20:07:22 Installed: patch-2.7.1-10.el7_5.x86_64
Apr 26 20:07:22 Installed: boost-system-1.53.0-27.el7.x86_64
Apr 26 20:07:22 Installed: perl-Thread-Queue-3.02-2.el7.noarch
Apr 26 20:07:23 Installed: avahi-libs-0.6.31-19.el7.x86_64
Apr 26 20:07:23 Installed: boost-thread-1.53.0-27.el7.x86_64
Apr 26 20:07:23 Installed: libquadmath-devel-4.8.5-36.el7_6.1.x86_64
Apr 26 20:07:23 Installed: libgfortran-4.8.5-36.el7_6.1.x86_64
Apr 26 20:07:23 Installed: elfutils-0.172-2.el7.x86_64
Apr 26 20:07:24 Installed: libmodman-2.0.1-8.el7.x86_64
Apr 26 20:07:24 Installed: libproxy-0.4.11-11.el7.x86_64
Apr 26 20:07:24 Installed: pakchois-0.4-10.el7.x86_64
Apr 26 20:07:24 Installed: dwz-0.11-3.el7.x86_64
Apr 26 20:07:24 Installed: bzip2-1.0.6-13.el7.x86_64
Apr 26 20:07:24 Installed: boost-date-time-1.53.0-27.el7.x86_64
Apr 26 20:07:25 Installed: efivar-libs-36-11.el7_6.1.x86_64
Apr 26 20:07:26 Installed: mokutil-15-2.el7.centos.x86_64
Apr 26 20:07:26 Installed: perl-XML-Parser-2.41-10.el7.x86_64
Apr 26 20:07:26 Installed: perl-Data-Dumper-2.145-3.el7.x86_64
Apr 26 20:07:27 Installed: autoconf-2.69-11.el7.noarch
Apr 26 20:07:27 Installed: perl-srpm-macros-1-8.el7.noarch
Apr 26 20:07:27 Installed: redhat-rpm-config-9.1.0-87.el7.centos.noarch
Apr 26 20:08:48 Installed: kernel-debug-devel-3.10.0-957.10.1.el7.x86_64
Apr 26 20:08:53 Installed: systemtap-devel-3.3-3.el7.x86_64
Apr 26 20:08:53 Installed: gettext-common-devel-0.19.8.1-2.el7.noarch
Apr 26 20:08:54 Installed: gettext-devel-0.19.8.1-2.el7.x86_64
Apr 26 20:08:56 Installed: gdb-7.6.1-114.el7.x86_64
Apr 26 20:08:57 Installed: perl-Test-Harness-3.28-3.el7.noarch
Apr 26 20:08:57 Installed: automake-1.13.4-3.el7.noarch
Apr 26 20:08:58 Installed: nettle-2.7.1-8.el7.x86_64
Apr 26 20:08:58 Installed: 1:emacs-filesystem-24.3-22.el7.noarch
Apr 26 20:08:58 Installed: libdwarf-20130207-4.el7.x86_64
Apr 26 20:08:59 Installed: dyninst-9.3.1-2.el7.x86_64
Apr 26 20:09:00 Installed: systemtap-runtime-3.3-3.el7.x86_64
Apr 26 20:09:06 Installed: systemtap-client-3.3-3.el7.x86_64
Apr 26 20:09:09 Installed: libstdc++-devel-4.8.5-36.el7_6.1.x86_64
Apr 26 20:09:10 Installed: trousers-0.3.14-2.el7.x86_64
Apr 26 20:09:11 Installed: gnutls-3.3.29-9.el7_6.x86_64
Apr 26 20:09:11 Installed: neon-0.30.0-3.el7.x86_64
Apr 26 20:09:12 Installed: subversion-libs-1.7.14-14.el7.x86_64
Apr 26 20:09:13 Installed: subversion-1.7.14-14.el7.x86_64
Apr 26 20:09:15 Installed: gcc-c++-4.8.5-36.el7_6.1.x86_64
Apr 26 20:09:16 Installed: systemtap-3.3-3.el7.x86_64
Apr 26 20:09:16 Installed: cscope-15.8-10.el7.x86_64
Apr 26 20:09:16 Installed: intltool-0.50.2-7.el7.noarch
Apr 26 20:09:17 Installed: libtool-2.4.2-22.el7_3.x86_64
Apr 26 20:09:17 Installed: rpm-build-4.11.3-35.el7.x86_64
Apr 26 20:09:19 Installed: gcc-gfortran-4.8.5-36.el7_6.1.x86_64
Apr 26 20:09:19 Installed: diffstat-1.57-4.el7.x86_64
Apr 26 20:09:20 Installed: patchutils-0.3.3-4.el7.x86_64
Apr 26 20:09:20 Installed: indent-2.2.11-13.el7.x86_64
Apr 26 20:09:20 Installed: rpm-sign-4.11.3-35.el7.x86_64
Apr 26 20:09:25 Installed: swig-2.0.10-5.el7.x86_64
Apr 26 20:09:25 Installed: rcs-5.9.0-5.el7.x86_64
Apr 26 20:09:33 Installed: 1:doxygen-1.8.5-3.el7.x86_64
Apr 26 20:09:33 Installed: byacc-1.9.20130304-3.el7.x86_64
Apr 26 20:09:34 Installed: ctags-5.8-13.el7.x86_64
Apr 26 20:13:45 Installed: ncurses-devel-5.9-14.20130511.el7_4.x86_64
